[2020-09-11T16:10:17.227] [DEBUG] cheese - login => username:drlsxs,password:00012
[2020-09-11T16:10:17.228] [DEBUG] cheese - drlsxs
[2020-09-11T16:10:17.409] [DEBUG] cheese - null
[2020-09-11T16:10:17.409] [DEBUG] cheese - null
[2020-09-11T16:10:43.168] [DEBUG] cheese - login => username:admin,password:123456
[2020-09-11T16:10:43.168] [DEBUG] cheese - admin
[2020-09-11T16:10:43.172] [DEBUG] cheese - null
[2020-09-11T16:10:43.172] [DEBUG] cheese - null
[2020-09-11T16:14:50.714] [DEBUG] cheese - login => username:drlsxs,password:123456
[2020-09-11T16:14:50.714] [DEBUG] cheese - drlsxs
[2020-09-11T16:14:50.716] [DEBUG] cheese - null
[2020-09-11T16:14:50.717] [DEBUG] cheese - null
[2020-09-11T16:16:20.907] [DEBUG] cheese - login => username:drlsxs,password:123456
[2020-09-11T16:16:20.907] [DEBUG] cheese - drlsxs
[2020-09-11T16:16:20.910] [DEBUG] cheese - null
[2020-09-11T16:16:20.910] [DEBUG] cheese - null
[2020-09-11T16:18:23.865] [DEBUG] cheese - login => username:drlsxs,password:123456
[2020-09-11T16:18:23.866] [DEBUG] cheese - drlsxs
[2020-09-11T16:18:23.867] [DEBUG] cheese - null
[2020-09-11T16:18:23.868] [DEBUG] cheese - null
[2020-09-11T16:19:06.089] [DEBUG] cheese - login => username:admin,password:123456
[2020-09-11T16:19:06.089] [DEBUG] cheese - admin
[2020-09-11T16:19:06.092] [DEBUG] cheese - null
[2020-09-11T16:19:06.092] [DEBUG] cheese - null
[2020-09-11T16:21:43.882] [DEBUG] cheese - login => username:drlsxs,password:123456
[2020-09-11T16:21:43.882] [DEBUG] cheese - drlsxs
[2020-09-11T16:21:43.885] [DEBUG] cheese - null
[2020-09-11T16:21:43.885] [DEBUG] cheese - null
[2020-09-11T16:21:50.358] [DEBUG] cheese - login => username:admin,password:123456
[2020-09-11T16:21:50.358] [DEBUG] cheese - admin
[2020-09-11T16:21:50.360] [DEBUG] cheese - null
[2020-09-11T16:21:50.361] [DEBUG] cheese - null
[2020-09-11T16:27:25.427] [DEBUG] cheese - login => username:admin,password:123456
[2020-09-11T16:27:25.427] [DEBUG] cheese - admin
[2020-09-11T16:27:25.430] [DEBUG] cheese - null
[2020-09-11T16:27:25.430] [DEBUG] cheese - null
[2020-09-11T16:38:14.938] [DEBUG] cheese - login => username:admin,password:123456
[2020-09-11T16:38:14.938] [DEBUG] cheese - admin
[2020-09-11T16:38:14.940] [DEBUG] cheese - null
[2020-09-11T16:38:14.940] [DEBUG] cheese - null
[2020-09-11T16:38:18.171] [DEBUG] cheese - login => username:admin,password:123456
[2020-09-11T16:38:18.171] [DEBUG] cheese - admin
[2020-09-11T16:38:18.173] [DEBUG] cheese - null
[2020-09-11T16:38:18.173] [DEBUG] cheese - null
[2020-09-11T16:38:20.478] [DEBUG] cheese - login => username:admin,password:123456
[2020-09-11T16:38:20.478] [DEBUG] cheese - admin
[2020-09-11T16:38:20.481] [DEBUG] cheese - null
[2020-09-11T16:38:20.482] [DEBUG] cheese - null
[2020-09-11T16:38:27.900] [DEBUG] cheese - login => username:admin,password:123456
[2020-09-11T16:38:27.900] [DEBUG] cheese - admin
[2020-09-11T16:38:27.903] [DEBUG] cheese - null
[2020-09-11T16:38:27.903] [DEBUG] cheese - null
[2020-09-11T16:38:33.793] [DEBUG] cheese - login => username:admin,password:123456
[2020-09-11T16:38:33.793] [DEBUG] cheese - admin
[2020-09-11T16:38:33.795] [DEBUG] cheese - null
[2020-09-11T16:38:33.795] [DEBUG] cheese - null
[2020-09-11T16:41:24.799] [DEBUG] cheese - login => username:admin,password:123456
[2020-09-11T16:41:24.800] [DEBUG] cheese - admin
[2020-09-11T16:41:24.802] [DEBUG] cheese - null
[2020-09-11T16:41:24.802] [DEBUG] cheese - null
[2020-09-11T16:41:27.481] [DEBUG] cheese - login => username:admin,password:123456
[2020-09-11T16:41:27.481] [DEBUG] cheese - admin
[2020-09-11T16:41:27.483] [DEBUG] cheese - null
[2020-09-11T16:41:27.483] [DEBUG] cheese - null
[2020-09-11T16:41:52.653] [DEBUG] cheese - login => username:admin,password:123456
[2020-09-11T16:41:52.653] [DEBUG] cheese - admin
[2020-09-11T16:41:52.655] [DEBUG] cheese - null
[2020-09-11T16:41:52.655] [DEBUG] cheese - null
[2020-09-11T16:50:57.619] [DEBUG] cheese - login => username:admin,password:123456
[2020-09-11T16:50:57.619] [DEBUG] cheese - admin
[2020-09-11T16:50:57.621] [DEBUG] cheese - null
[2020-09-11T16:50:57.621] [DEBUG] cheese - null
[2020-09-11T16:51:32.158] [DEBUG] cheese - login => username:admin,password:123456
[2020-09-11T16:51:32.158] [DEBUG] cheese - admin
[2020-09-11T16:51:32.161] [DEBUG] cheese - null
[2020-09-11T16:51:32.161] [DEBUG] cheese - null
[2020-09-11T16:51:34.402] [DEBUG] cheese - login => username:admin,password:123456
[2020-09-11T16:51:34.402] [DEBUG] cheese - admin
[2020-09-11T16:51:34.404] [DEBUG] cheese - null
[2020-09-11T16:51:34.404] [DEBUG] cheese - null
[2020-09-11T16:51:36.010] [DEBUG] cheese - login => username:admin,password:123456
[2020-09-11T16:51:36.010] [DEBUG] cheese - admin
[2020-09-11T16:51:36.012] [DEBUG] cheese - null
[2020-09-11T16:51:36.013] [DEBUG] cheese - null
[2020-09-11T16:51:39.970] [DEBUG] cheese - login => username:admin,password:123456
[2020-09-11T16:51:39.970] [DEBUG] cheese - admin
[2020-09-11T16:51:39.972] [DEBUG] cheese - null
[2020-09-11T16:51:39.972] [DEBUG] cheese - null
[2020-09-11T16:51:46.092] [DEBUG] cheese - login => username:admin,password:123456
[2020-09-11T16:51:46.092] [DEBUG] cheese - admin
[2020-09-11T16:51:46.094] [DEBUG] cheese - null
[2020-09-11T16:51:46.094] [DEBUG] cheese - null
[2020-09-11T16:51:47.952] [DEBUG] cheese - login => username:admin,password:123456
[2020-09-11T16:51:47.952] [DEBUG] cheese - admin
[2020-09-11T16:51:47.954] [DEBUG] cheese - null
[2020-09-11T16:51:47.954] [DEBUG] cheese - null
[2020-09-11T16:52:12.027] [DEBUG] cheese - login => username:admin,password:123456
[2020-09-11T16:52:12.028] [DEBUG] cheese - admin
[2020-09-11T16:52:12.029] [DEBUG] cheese - null
[2020-09-11T16:52:12.029] [DEBUG] cheese - null
[2020-09-11T16:52:18.987] [DEBUG] cheese - login => username:admin,password:123456
[2020-09-11T16:52:18.987] [DEBUG] cheese - admin
[2020-09-11T16:52:18.989] [DEBUG] cheese - null
[2020-09-11T16:52:18.989] [DEBUG] cheese - null
[2020-09-11T16:52:55.673] [DEBUG] cheese - login => username:admin,password:123456
[2020-09-11T16:52:55.673] [DEBUG] cheese - admin
[2020-09-11T16:52:55.675] [DEBUG] cheese - null
[2020-09-11T16:52:55.675] [DEBUG] cheese - null
[2020-09-11T16:53:08.491] [DEBUG] cheese - login => username:drlsxs,password:123456
[2020-09-11T16:53:08.491] [DEBUG] cheese - drlsxs
[2020-09-11T16:53:08.493] [DEBUG] cheese - null
[2020-09-11T16:53:08.493] [DEBUG] cheese - null
[2020-09-11T16:54:02.428] [DEBUG] cheese - login => username:drlsxs,password:123456
[2020-09-11T16:54:02.428] [DEBUG] cheese - drlsxs
[2020-09-11T16:54:02.430] [DEBUG] cheese - null
[2020-09-11T16:54:02.431] [DEBUG] cheese - null
[2020-09-11T16:54:06.832] [DEBUG] cheese - login => username:drlsxs,password:123456
[2020-09-11T16:54:06.832] [DEBUG] cheese - drlsxs
[2020-09-11T16:54:06.834] [DEBUG] cheese - null
[2020-09-11T16:54:06.834] [DEBUG] cheese - null
[2020-09-11T16:54:11.053] [DEBUG] cheese - login => username:admin,password:123456
[2020-09-11T16:54:11.053] [DEBUG] cheese - admin
[2020-09-11T16:54:11.055] [DEBUG] cheese - null
[2020-09-11T16:54:11.056] [DEBUG] cheese - null
[2020-09-11T16:54:23.029] [DEBUG] cheese - login => username:drlsxs,password:123456
[2020-09-11T16:54:23.029] [DEBUG] cheese - drlsxs
[2020-09-11T16:54:23.030] [DEBUG] cheese - null
[2020-09-11T16:54:23.030] [DEBUG] cheese - null
[2020-09-11T16:54:47.564] [DEBUG] cheese - login => username:drlsxs,password:123456
[2020-09-11T16:54:47.564] [DEBUG] cheese - drlsxs
[2020-09-11T16:54:47.565] [DEBUG] cheese - null
[2020-09-11T16:54:47.565] [DEBUG] cheese - null
[2020-09-11T16:55:00.836] [DEBUG] cheese - login => username:admin,password:123456
[2020-09-11T16:55:00.836] [DEBUG] cheese - admin
[2020-09-11T16:55:00.839] [DEBUG] cheese - null
[2020-09-11T16:55:00.839] [DEBUG] cheese - null
[2020-09-11T17:01:53.954] [DEBUG] cheese - login => username:admin,password:123456
[2020-09-11T17:01:53.955] [DEBUG] cheese - admin
[2020-09-11T17:01:53.957] [DEBUG] cheese - null
[2020-09-11T17:01:53.957] [DEBUG] cheese - null
[2020-09-11T17:02:59.954] [DEBUG] cheese - login => username:admin,password:123456
[2020-09-11T17:02:59.954] [DEBUG] cheese - admin
[2020-09-11T17:02:59.956] [DEBUG] cheese - null
[2020-09-11T17:02:59.956] [DEBUG] cheese - null
[2020-09-11T17:03:02.136] [DEBUG] cheese - login => username:admin,password:123456
[2020-09-11T17:03:02.136] [DEBUG] cheese - admin
[2020-09-11T17:03:02.138] [DEBUG] cheese - null
[2020-09-11T17:03:02.138] [DEBUG] cheese - null
[2020-09-11T17:03:03.704] [DEBUG] cheese - login => username:admin,password:123456
[2020-09-11T17:03:03.704] [DEBUG] cheese - admin
[2020-09-11T17:03:03.706] [DEBUG] cheese - null
[2020-09-11T17:03:03.706] [DEBUG] cheese - null
[2020-09-11T17:03:05.739] [DEBUG] cheese - login => username:admin,password:123456
[2020-09-11T17:03:05.740] [DEBUG] cheese - admin
[2020-09-11T17:03:05.741] [DEBUG] cheese - null
[2020-09-11T17:03:05.741] [DEBUG] cheese - null
[2020-09-11T17:03:28.850] [DEBUG] cheese - login => username:admin,password:123456
[2020-09-11T17:03:28.851] [DEBUG] cheese - admin
[2020-09-11T17:03:28.853] [DEBUG] cheese - null
[2020-09-11T17:03:28.853] [DEBUG] cheese - null
[2020-09-11T17:03:31.593] [DEBUG] cheese - login => username:admin,password:123456
[2020-09-11T17:03:31.593] [DEBUG] cheese - admin
[2020-09-11T17:03:31.595] [DEBUG] cheese - null
[2020-09-11T17:03:31.595] [DEBUG] cheese - null
[2020-09-11T17:03:33.816] [DEBUG] cheese - login => username:admin,password:123456
[2020-09-11T17:03:33.816] [DEBUG] cheese - admin
[2020-09-11T17:03:33.818] [DEBUG] cheese - null
[2020-09-11T17:03:33.819] [DEBUG] cheese - null
[2020-09-11T17:03:37.029] [DEBUG] cheese - login => username:admin,password:123456
[2020-09-11T17:03:37.029] [DEBUG] cheese - admin
[2020-09-11T17:03:37.031] [DEBUG] cheese - null
[2020-09-11T17:03:37.032] [DEBUG] cheese - null
[2020-09-11T17:03:43.844] [DEBUG] cheese - login => username:admin,password:123456
[2020-09-11T17:03:43.844] [DEBUG] cheese - admin
[2020-09-11T17:03:43.846] [DEBUG] cheese - null
[2020-09-11T17:03:43.846] [DEBUG] cheese - null
[2020-09-11T17:03:47.264] [DEBUG] cheese - login => username:admin,password:123456
[2020-09-11T17:03:47.264] [DEBUG] cheese - admin
[2020-09-11T17:03:47.267] [DEBUG] cheese - null
[2020-09-11T17:03:47.268] [DEBUG] cheese - null
[2020-09-11T17:04:06.748] [DEBUG] cheese - login => username:admin,password:123456
[2020-09-11T17:04:06.748] [DEBUG] cheese - admin
[2020-09-11T17:04:06.750] [DEBUG] cheese - null
[2020-09-11T17:04:06.750] [DEBUG] cheese - null
[2020-09-11T17:04:08.601] [DEBUG] cheese - login => username:admin,password:123456
[2020-09-11T17:04:08.602] [DEBUG] cheese - admin
[2020-09-11T17:04:08.605] [DEBUG] cheese - null
[2020-09-11T17:04:08.605] [DEBUG] cheese - null
[2020-09-11T17:04:31.193] [DEBUG] cheese - login => username:admin,password:123456
[2020-09-11T17:04:31.193] [DEBUG] cheese - admin
[2020-09-11T17:04:31.195] [DEBUG] cheese - null
[2020-09-11T17:04:31.196] [DEBUG] cheese - null
[2020-09-11T17:12:18.943] [DEBUG] cheese - login => username:admin,password:123456
[2020-09-11T17:12:18.943] [DEBUG] cheese - admin
[2020-09-11T17:12:18.949] [DEBUG] cheese - null
[2020-09-11T17:12:18.949] [DEBUG] cheese - null
[2020-09-11T17:12:27.271] [DEBUG] cheese - login => username:admin,password:123456
[2020-09-11T17:12:27.272] [DEBUG] cheese - admin
[2020-09-11T17:12:27.275] [DEBUG] cheese - null
[2020-09-11T17:12:27.275] [DEBUG] cheese - null
[2020-09-11T17:22:50.199] [DEBUG] cheese - login => username:admin,password:123456
[2020-09-11T17:22:50.199] [DEBUG] cheese - admin
[2020-09-11T17:22:50.202] [DEBUG] cheese - null
[2020-09-11T17:22:50.202] [DEBUG] cheese - null
[2020-09-11T17:39:44.370] [DEBUG] cheese - login => username:admin,password:123456
[2020-09-11T17:39:44.370] [DEBUG] cheese - admin
[2020-09-11T17:39:44.372] [DEBUG] cheese - null
[2020-09-11T17:39:44.372] [DEBUG] cheese - null
[2020-09-11T17:39:46.618] [DEBUG] cheese - login => username:admin,password:123456
[2020-09-11T17:39:46.618] [DEBUG] cheese - admin
[2020-09-11T17:39:46.621] [DEBUG] cheese - null
[2020-09-11T17:39:46.622] [DEBUG] cheese - null
[2020-09-11T17:39:55.494] [DEBUG] cheese - login => username:admin,password:123456
[2020-09-11T17:39:55.494] [DEBUG] cheese - admin
[2020-09-11T17:39:55.497] [DEBUG] cheese - null
[2020-09-11T17:39:55.497] [DEBUG] cheese - null
[2020-09-11T17:46:46.183] [DEBUG] cheese - login => username:admin,password:123456
[2020-09-11T17:46:46.183] [DEBUG] cheese - admin
[2020-09-11T17:46:46.185] [DEBUG] cheese - null
[2020-09-11T17:46:46.185] [DEBUG] cheese - null
[2020-09-11T19:32:37.399] [DEBUG] cheese - login => username:admin,password:123456
[2020-09-11T19:32:37.399] [DEBUG] cheese - admin
[2020-09-11T19:32:37.407] [DEBUG] cheese - null
[2020-09-11T19:32:37.407] [DEBUG] cheese - null
[2020-09-11T19:58:15.170] [DEBUG] cheese - login => username:admin,password:123456
[2020-09-11T19:58:15.171] [DEBUG] cheese - admin
[2020-09-11T19:58:15.174] [DEBUG] cheese - null
[2020-09-11T19:58:15.174] [DEBUG] cheese - null
[2020-09-11T19:58:18.377] [DEBUG] cheese - login => username:admin,password:123456
[2020-09-11T19:58:18.377] [DEBUG] cheese - admin
[2020-09-11T19:58:18.380] [DEBUG] cheese - null
[2020-09-11T19:58:18.380] [DEBUG] cheese - null
[2020-09-11T19:58:20.866] [DEBUG] cheese - login => username:admin,password:123456
[2020-09-11T19:58:20.866] [DEBUG] cheese - admin
[2020-09-11T19:58:20.868] [DEBUG] cheese - null
[2020-09-11T19:58:20.868] [DEBUG] cheese - null
[2020-09-11T19:59:00.920] [DEBUG] cheese - login => username:admin,password:123456
[2020-09-11T19:59:00.920] [DEBUG] cheese - admin
[2020-09-11T19:59:00.923] [DEBUG] cheese - null
[2020-09-11T19:59:00.923] [DEBUG] cheese - null
[2020-09-11T19:59:10.703] [DEBUG] cheese - login => username:admin,password:123456
[2020-09-11T19:59:10.703] [DEBUG] cheese - admin
[2020-09-11T19:59:10.706] [DEBUG] cheese - null
[2020-09-11T19:59:10.706] [DEBUG] cheese - null
[2020-09-11T20:01:10.207] [DEBUG] cheese - login => username:admin,password:123456
[2020-09-11T20:01:10.207] [DEBUG] cheese - admin
[2020-09-11T20:01:10.209] [DEBUG] cheese - null
[2020-09-11T20:01:10.210] [DEBUG] cheese - null
[2020-09-11T20:01:30.444] [DEBUG] cheese - login => username:admin,password:123456
[2020-09-11T20:01:30.444] [DEBUG] cheese - admin
[2020-09-11T20:01:30.446] [DEBUG] cheese - null
[2020-09-11T20:01:30.446] [DEBUG] cheese - null
[2020-09-11T20:59:19.534] [DEBUG] cheese - login => username:admin,password:123456
[2020-09-11T20:59:19.534] [DEBUG] cheese - admin
[2020-09-11T20:59:19.646] [DEBUG] cheese - null
[2020-09-11T20:59:19.646] [DEBUG] cheese - null
[2020-09-11T21:06:26.063] [DEBUG] cheese - login => username:admin,password:123456
[2020-09-11T21:06:26.063] [DEBUG] cheese - admin
[2020-09-11T21:06:26.065] [DEBUG] cheese - null
[2020-09-11T21:06:26.065] [DEBUG] cheese - null
[2020-09-11T21:06:29.026] [DEBUG] cheese - login => username:admin,password:123456
[2020-09-11T21:06:29.026] [DEBUG] cheese - admin
[2020-09-11T21:06:29.030] [DEBUG] cheese - null
[2020-09-11T21:06:29.030] [DEBUG] cheese - null
[2020-09-11T21:06:39.638] [DEBUG] cheese - login => username:admin,password:123456
[2020-09-11T21:06:39.638] [DEBUG] cheese - admin
[2020-09-11T21:06:39.642] [DEBUG] cheese - null
[2020-09-11T21:06:39.642] [DEBUG] cheese - null
[2020-09-11T21:06:42.033] [DEBUG] cheese - login => username:admin,password:123456
[2020-09-11T21:06:42.033] [DEBUG] cheese - admin
[2020-09-11T21:06:42.035] [DEBUG] cheese - null
[2020-09-11T21:06:42.035] [DEBUG] cheese - null
[2020-09-11T21:10:11.788] [DEBUG] cheese - login => username:admin,password:123456
[2020-09-11T21:10:11.788] [DEBUG] cheese - admin
[2020-09-11T21:10:11.789] [DEBUG] cheese - null
[2020-09-11T21:10:11.790] [DEBUG] cheese - null
[2020-09-11T21:10:26.346] [DEBUG] cheese - login => username:admin,password:123456
[2020-09-11T21:10:26.347] [DEBUG] cheese - admin
[2020-09-11T21:10:26.348] [DEBUG] cheese - null
[2020-09-11T21:10:26.349] [DEBUG] cheese - null
[2020-09-11T21:10:35.044] [DEBUG] cheese - login => username:admin,password:123456
[2020-09-11T21:10:35.044] [DEBUG] cheese - admin
[2020-09-11T21:10:35.045] [DEBUG] cheese - null
[2020-09-11T21:10:35.046] [DEBUG] cheese - null
[2020-09-11T21:25:35.104] [DEBUG] cheese - login => username:admin,password:123456
[2020-09-11T21:25:35.105] [DEBUG] cheese - admin
[2020-09-11T21:25:35.110] [DEBUG] cheese - null
[2020-09-11T21:25:35.110] [DEBUG] cheese - null
[2020-09-11T21:38:02.553] [DEBUG] cheese - login => username:admin,password:123456
[2020-09-11T21:38:02.553] [DEBUG] cheese - admin
[2020-09-11T21:38:02.555] [DEBUG] cheese - null
[2020-09-11T21:38:02.555] [DEBUG] cheese - null
[2020-09-11T21:38:04.954] [DEBUG] cheese - login => username:admin,password:123456
[2020-09-11T21:38:04.954] [DEBUG] cheese - admin
[2020-09-11T21:38:04.956] [DEBUG] cheese - null
[2020-09-11T21:38:04.956] [DEBUG] cheese - null
[2020-09-11T21:38:07.042] [DEBUG] cheese - login => username:admin,password:123456
[2020-09-11T21:38:07.042] [DEBUG] cheese - admin
[2020-09-11T21:38:07.064] [DEBUG] cheese - null
[2020-09-11T21:38:07.064] [DEBUG] cheese - null
[2020-09-11T21:38:09.187] [DEBUG] cheese - login => username:admin,password:123456
[2020-09-11T21:38:09.188] [DEBUG] cheese - admin
[2020-09-11T21:38:09.190] [DEBUG] cheese - null
[2020-09-11T21:38:09.190] [DEBUG] cheese - null
[2020-09-11T21:38:18.583] [DEBUG] cheese - login => username:admin,password:123456
[2020-09-11T21:38:18.583] [DEBUG] cheese - admin
[2020-09-11T21:38:18.585] [DEBUG] cheese - null
[2020-09-11T21:38:18.585] [DEBUG] cheese - null
[2020-09-11T21:38:24.931] [DEBUG] cheese - login => username:admin,password:123456
[2020-09-11T21:38:24.932] [DEBUG] cheese - admin
[2020-09-11T21:38:24.935] [DEBUG] cheese - null
[2020-09-11T21:38:24.935] [DEBUG] cheese - null
[2020-09-11T21:38:28.808] [DEBUG] cheese - login => username:admin,password:123456
[2020-09-11T21:38:28.809] [DEBUG] cheese - admin
[2020-09-11T21:38:28.812] [DEBUG] cheese - null
[2020-09-11T21:38:28.812] [DEBUG] cheese - null
[2020-09-11T21:38:31.348] [DEBUG] cheese - login => username:admin,password:123456
[2020-09-11T21:38:31.348] [DEBUG] cheese - admin
[2020-09-11T21:38:31.352] [DEBUG] cheese - null
[2020-09-11T21:38:31.352] [DEBUG] cheese - null
[2020-09-11T21:38:33.703] [DEBUG] cheese - login => username:admin,password:123456
[2020-09-11T21:38:33.704] [DEBUG] cheese - admin
[2020-09-11T21:38:33.706] [DEBUG] cheese - null
[2020-09-11T21:38:33.706] [DEBUG] cheese - null
[2020-09-11T21:38:36.395] [DEBUG] cheese - login => username:admin,password:123456
[2020-09-11T21:38:36.395] [DEBUG] cheese - admin
[2020-09-11T21:38:36.398] [DEBUG] cheese - null
[2020-09-11T21:38:36.398] [DEBUG] cheese - null
[2020-09-11T21:38:40.944] [DEBUG] cheese - login => username:admin,password:123456
[2020-09-11T21:38:40.944] [DEBUG] cheese - admin
[2020-09-11T21:38:40.948] [DEBUG] cheese - null
[2020-09-11T21:38:40.948] [DEBUG] cheese - null
[2020-09-11T21:38:45.156] [DEBUG] cheese - login => username:admin,password:123456
[2020-09-11T21:38:45.156] [DEBUG] cheese - admin
[2020-09-11T21:38:45.158] [DEBUG] cheese - null
[2020-09-11T21:38:45.158] [DEBUG] cheese - null
[2020-09-11T21:47:21.716] [DEBUG] cheese - login => username:admin,password:123456
[2020-09-11T21:47:21.716] [DEBUG] cheese - admin
[2020-09-11T21:47:21.718] [DEBUG] cheese - null
[2020-09-11T21:47:21.719] [DEBUG] cheese - null
[2020-09-11T22:09:40.222] [DEBUG] cheese - login => username:admin,password:123456
[2020-09-11T22:09:40.222] [DEBUG] cheese - admin
[2020-09-11T22:09:40.225] [DEBUG] cheese - null
[2020-09-11T22:09:40.225] [DEBUG] cheese - null
[2020-09-11T22:35:28.534] [DEBUG] cheese - login => username:admin,password:123456
[2020-09-11T22:35:28.534] [DEBUG] cheese - admin
[2020-09-11T22:35:28.536] [DEBUG] cheese - null
[2020-09-11T22:35:28.536] [DEBUG] cheese - null
[2020-09-11T22:35:35.554] [DEBUG] cheese - login => username:admin,password:123456
[2020-09-11T22:35:35.555] [DEBUG] cheese - admin
[2020-09-11T22:35:35.557] [DEBUG] cheese - null
[2020-09-11T22:35:35.557] [DEBUG] cheese - null
[2020-09-11T22:35:38.152] [DEBUG] cheese - login => username:admin,password:123456
[2020-09-11T22:35:38.152] [DEBUG] cheese - admin
[2020-09-11T22:35:38.155] [DEBUG] cheese - null
[2020-09-11T22:35:38.155] [DEBUG] cheese - null
[2020-09-11T22:35:41.212] [DEBUG] cheese - login => username:admin,password:123456
[2020-09-11T22:35:41.212] [DEBUG] cheese - admin
[2020-09-11T22:35:41.214] [DEBUG] cheese - null
[2020-09-11T22:35:41.215] [DEBUG] cheese - null
[2020-09-11T22:35:43.767] [DEBUG] cheese - login => username:admin,password:123456
[2020-09-11T22:35:43.767] [DEBUG] cheese - admin
[2020-09-11T22:35:43.769] [DEBUG] cheese - null
[2020-09-11T22:35:43.769] [DEBUG] cheese - null
[2020-09-11T22:35:48.491] [DEBUG] cheese - login => username:admin,password:123456
[2020-09-11T22:35:48.491] [DEBUG] cheese - admin
[2020-09-11T22:35:48.493] [DEBUG] cheese - null
[2020-09-11T22:35:48.493] [DEBUG] cheese - null
[2020-09-11T22:49:17.687] [DEBUG] cheese - login => username:admin,password:123456
[2020-09-11T22:49:17.687] [DEBUG] cheese - admin
[2020-09-11T22:49:17.697] [DEBUG] cheese - null
[2020-09-11T22:49:17.697] [DEBUG] cheese - null
[2020-09-11T22:49:20.679] [DEBUG] cheese - login => username:admin,password:123456
[2020-09-11T22:49:20.679] [DEBUG] cheese - admin
[2020-09-11T22:49:20.680] [DEBUG] cheese - null
[2020-09-11T22:49:20.680] [DEBUG] cheese - null
[2020-09-11T22:49:57.466] [DEBUG] cheese - login => username:admin,password:123456
[2020-09-11T22:49:57.466] [DEBUG] cheese - admin
[2020-09-11T22:49:57.468] [DEBUG] cheese - null
[2020-09-11T22:49:57.468] [DEBUG] cheese - null
[2020-09-11T22:50:00.658] [DEBUG] cheese - login => username:admin,password:123456
[2020-09-11T22:50:00.659] [DEBUG] cheese - admin
[2020-09-11T22:50:00.661] [DEBUG] cheese - null
[2020-09-11T22:50:00.661] [DEBUG] cheese - null
[2020-09-11T22:50:03.331] [DEBUG] cheese - login => username:admin,password:123456
[2020-09-11T22:50:03.331] [DEBUG] cheese - admin
[2020-09-11T22:50:03.333] [DEBUG] cheese - null
[2020-09-11T22:50:03.333] [DEBUG] cheese - null
[2020-09-11T22:50:11.443] [DEBUG] cheese - login => username:admin,password:123456
[2020-09-11T22:50:11.443] [DEBUG] cheese - admin
[2020-09-11T22:50:11.445] [DEBUG] cheese - null
[2020-09-11T22:50:11.445] [DEBUG] cheese - null
[2020-09-11T22:50:13.606] [DEBUG] cheese - login => username:admin,password:123456
[2020-09-11T22:50:13.606] [DEBUG] cheese - admin
[2020-09-11T22:50:13.609] [DEBUG] cheese - null
[2020-09-11T22:50:13.609] [DEBUG] cheese - null
[2020-09-11T22:50:37.905] [DEBUG] cheese - login => username:admin,password:123456
[2020-09-11T22:50:37.905] [DEBUG] cheese - admin
[2020-09-11T22:50:37.907] [DEBUG] cheese - null
[2020-09-11T22:50:37.907] [DEBUG] cheese - null
[2020-09-11T22:50:39.903] [DEBUG] cheese - login => username:admin,password:123456
[2020-09-11T22:50:39.904] [DEBUG] cheese - admin
[2020-09-11T22:50:39.906] [DEBUG] cheese - null
[2020-09-11T22:50:39.906] [DEBUG] cheese - null
[2020-09-11T22:50:43.329] [DEBUG] cheese - login => username:admin,password:123456
[2020-09-11T22:50:43.329] [DEBUG] cheese - admin
[2020-09-11T22:50:43.331] [DEBUG] cheese - null
[2020-09-11T22:50:43.331] [DEBUG] cheese - null
[2020-09-11T22:50:50.314] [DEBUG] cheese - login => username:admin,password:123456
[2020-09-11T22:50:50.314] [DEBUG] cheese - admin
[2020-09-11T22:50:50.316] [DEBUG] cheese - null
[2020-09-11T22:50:50.316] [DEBUG] cheese - null
[2020-09-11T22:50:55.571] [DEBUG] cheese - login => username:admin,password:123456
[2020-09-11T22:50:55.571] [DEBUG] cheese - admin
[2020-09-11T22:50:55.574] [DEBUG] cheese - null
[2020-09-11T22:50:55.574] [DEBUG] cheese - null
[2020-09-11T23:15:05.669] [DEBUG] cheese - login => username:admin,password:123456
[2020-09-11T23:15:05.669] [DEBUG] cheese - admin
[2020-09-11T23:15:05.672] [DEBUG] cheese - null
[2020-09-11T23:15:05.672] [DEBUG] cheese - null
[2020-09-11T23:15:25.859] [DEBUG] cheese - login => username:admin,password:123456
[2020-09-11T23:15:25.859] [DEBUG] cheese - admin
[2020-09-11T23:15:25.861] [DEBUG] cheese - null
[2020-09-11T23:15:25.861] [DEBUG] cheese - null
[2020-09-12T16:18:41.100] [DEBUG] cheese - login => username:admin,password:123456
[2020-09-12T16:18:41.119] [DEBUG] cheese - admin
[2020-09-12T16:18:41.205] [DEBUG] cheese - null
[2020-09-12T16:18:41.205] [DEBUG] cheese - null
[2020-09-12T16:18:44.382] [DEBUG] cheese - login => username:admin,password:123456
[2020-09-12T16:18:44.382] [DEBUG] cheese - admin
[2020-09-12T16:18:44.384] [DEBUG] cheese - null
[2020-09-12T16:18:44.384] [DEBUG] cheese - null
[2020-09-12T16:18:50.504] [DEBUG] cheese - login => username:admin,password:123456
[2020-09-12T16:18:50.504] [DEBUG] cheese - admin
[2020-09-12T16:18:50.507] [DEBUG] cheese - null
[2020-09-12T16:18:50.507] [DEBUG] cheese - null
[2020-09-12T16:18:53.822] [DEBUG] cheese - login => username:admin,password:123456
[2020-09-12T16:18:53.822] [DEBUG] cheese - admin
[2020-09-12T16:18:53.824] [DEBUG] cheese - null
[2020-09-12T16:18:53.824] [DEBUG] cheese - null
[2020-09-12T16:21:00.385] [DEBUG] cheese - login => username:admin,password:123456
[2020-09-12T16:21:00.385] [DEBUG] cheese - admin
[2020-09-12T16:21:00.387] [DEBUG] cheese - null
[2020-09-12T16:21:00.387] [DEBUG] cheese - null
[2020-09-12T18:46:14.776] [DEBUG] cheese - login => username:admin,password:123456
[2020-09-12T18:46:14.778] [DEBUG] cheese - admin
[2020-09-12T18:46:14.785] [DEBUG] cheese - null
[2020-09-12T18:46:14.785] [DEBUG] cheese - null
[2020-09-12T19:43:51.429] [DEBUG] cheese - login => username:admin,password:123456
[2020-09-12T19:43:51.429] [DEBUG] cheese - admin
[2020-09-12T19:43:51.435] [DEBUG] cheese - null
[2020-09-12T19:43:51.435] [DEBUG] cheese - null
[2020-09-12T19:44:27.753] [DEBUG] cheese - login => username:admin,password:123456
[2020-09-12T19:44:27.754] [DEBUG] cheese - admin
[2020-09-12T19:44:27.756] [DEBUG] cheese - null
[2020-09-12T19:44:27.756] [DEBUG] cheese - null
[2020-09-12T19:44:38.483] [DEBUG] cheese - login => username:admin,password:123456
[2020-09-12T19:44:38.484] [DEBUG] cheese - admin
[2020-09-12T19:44:38.487] [DEBUG] cheese - null
[2020-09-12T19:44:38.487] [DEBUG] cheese - null
[2020-09-12T19:47:51.006] [DEBUG] cheese - login => username:admin,password:123456
[2020-09-12T19:47:51.006] [DEBUG] cheese - admin
[2020-09-12T19:47:51.009] [DEBUG] cheese - null
[2020-09-12T19:47:51.009] [DEBUG] cheese - null
[2020-09-12T19:47:54.891] [DEBUG] cheese - login => username:admin,password:123456
[2020-09-12T19:47:54.892] [DEBUG] cheese - admin
[2020-09-12T19:47:54.894] [DEBUG] cheese - null
[2020-09-12T19:47:54.894] [DEBUG] cheese - null
[2020-09-12T19:48:10.128] [DEBUG] cheese - login => username:admin,password:123456
[2020-09-12T19:48:10.128] [DEBUG] cheese - admin
[2020-09-12T19:48:10.131] [DEBUG] cheese - null
[2020-09-12T19:48:10.131] [DEBUG] cheese - null
[2020-09-12T19:48:29.273] [DEBUG] cheese - login => username:admin,password:123456
[2020-09-12T19:48:29.273] [DEBUG] cheese - admin
[2020-09-12T19:48:29.276] [DEBUG] cheese - null
[2020-09-12T19:48:29.276] [DEBUG] cheese - null
[2020-09-12T19:48:41.398] [DEBUG] cheese - login => username:admin,password:123456
[2020-09-12T19:48:41.398] [DEBUG] cheese - admin
[2020-09-12T19:48:41.401] [DEBUG] cheese - null
[2020-09-12T19:48:41.401] [DEBUG] cheese - null
[2020-09-12T19:48:47.136] [DEBUG] cheese - login => username:admin,password:123456
[2020-09-12T19:48:47.137] [DEBUG] cheese - admin
[2020-09-12T19:48:47.138] [DEBUG] cheese - null
[2020-09-12T19:48:47.138] [DEBUG] cheese - null
[2020-09-12T19:48:53.280] [DEBUG] cheese - login => username:admin,password:123456
[2020-09-12T19:48:53.280] [DEBUG] cheese - admin
[2020-09-12T19:48:53.282] [DEBUG] cheese - null
[2020-09-12T19:48:53.282] [DEBUG] cheese - null
[2020-09-12T19:48:59.200] [DEBUG] cheese - login => username:admin,password:123456
[2020-09-12T19:48:59.200] [DEBUG] cheese - admin
[2020-09-12T19:48:59.202] [DEBUG] cheese - null
[2020-09-12T19:48:59.202] [DEBUG] cheese - null
[2020-09-12T19:49:01.453] [DEBUG] cheese - login => username:admin,password:123456
[2020-09-12T19:49:01.453] [DEBUG] cheese - admin
[2020-09-12T19:49:01.455] [DEBUG] cheese - null
[2020-09-12T19:49:01.455] [DEBUG] cheese - null
[2020-09-12T19:51:28.162] [DEBUG] cheese - login => username:admin,password:123456
[2020-09-12T19:51:28.163] [DEBUG] cheese - admin
[2020-09-12T19:51:28.166] [DEBUG] cheese - null
[2020-09-12T19:51:28.166] [DEBUG] cheese - null
[2020-09-12T20:20:10.564] [DEBUG] cheese - login => username:admin,password:123456
[2020-09-12T20:20:10.564] [DEBUG] cheese - admin
[2020-09-12T20:20:10.567] [DEBUG] cheese - null
[2020-09-12T20:20:10.567] [DEBUG] cheese - null
[2020-09-12T21:19:13.110] [DEBUG] cheese - login => username:admin,password:123456
[2020-09-12T21:19:13.129] [DEBUG] cheese - admin
[2020-09-12T21:19:13.137] [DEBUG] cheese - null
[2020-09-12T21:19:13.138] [DEBUG] cheese - null
[2020-09-12T21:33:54.285] [DEBUG] cheese - login => username:admin,password:123456
[2020-09-12T21:33:54.285] [DEBUG] cheese - admin
[2020-09-12T21:33:54.288] [DEBUG] cheese - null
[2020-09-12T21:33:54.288] [DEBUG] cheese - null
[2020-09-12T21:34:03.202] [DEBUG] cheese - login => username:admin,password:123456
[2020-09-12T21:34:03.202] [DEBUG] cheese - admin
[2020-09-12T21:34:03.205] [DEBUG] cheese - null
[2020-09-12T21:34:03.205] [DEBUG] cheese - null
[2020-09-12T21:34:07.191] [DEBUG] cheese - login => username:admin,password:123456
[2020-09-12T21:34:07.191] [DEBUG] cheese - admin
[2020-09-12T21:34:07.193] [DEBUG] cheese - null
[2020-09-12T21:34:07.193] [DEBUG] cheese - null
[2020-09-12T21:34:15.177] [DEBUG] cheese - login => username:admin,password:123456
[2020-09-12T21:34:15.177] [DEBUG] cheese - admin
[2020-09-12T21:34:15.179] [DEBUG] cheese - null
[2020-09-12T21:34:15.179] [DEBUG] cheese - null
[2020-09-12T21:34:19.398] [DEBUG] cheese - login => username:admin,password:123456
[2020-09-12T21:34:19.398] [DEBUG] cheese - admin
[2020-09-12T21:34:19.400] [DEBUG] cheese - null
[2020-09-12T21:34:19.400] [DEBUG] cheese - null
[2020-09-12T21:34:21.976] [DEBUG] cheese - login => username:admin,password:123456
[2020-09-12T21:34:21.977] [DEBUG] cheese - admin
[2020-09-12T21:34:21.979] [DEBUG] cheese - null
[2020-09-12T21:34:21.979] [DEBUG] cheese - null
[2020-09-12T21:34:26.086] [DEBUG] cheese - login => username:admin,password:123456
[2020-09-12T21:34:26.086] [DEBUG] cheese - admin
[2020-09-12T21:34:26.088] [DEBUG] cheese - null
[2020-09-12T21:34:26.088] [DEBUG] cheese - null
[2020-09-12T21:34:34.739] [DEBUG] cheese - login => username:admin,password:123456
[2020-09-12T21:34:34.739] [DEBUG] cheese - admin
[2020-09-12T21:34:34.740] [DEBUG] cheese - null
[2020-09-12T21:34:34.740] [DEBUG] cheese - null
[2020-09-12T21:54:16.637] [DEBUG] cheese - login => username:admin,password:123456
[2020-09-12T21:54:16.637] [DEBUG] cheese - admin
[2020-09-12T21:54:16.639] [DEBUG] cheese - null
[2020-09-12T21:54:16.639] [DEBUG] cheese - null
[2020-09-12T21:54:23.697] [DEBUG] cheese - login => username:admin,password:123456
[2020-09-12T21:54:23.697] [DEBUG] cheese - admin
[2020-09-12T21:54:23.699] [DEBUG] cheese - null
[2020-09-12T21:54:23.699] [DEBUG] cheese - null
[2020-09-12T21:54:30.321] [DEBUG] cheese - login => username:admin,password:123456
[2020-09-12T21:54:30.321] [DEBUG] cheese - admin
[2020-09-12T21:54:30.324] [DEBUG] cheese - null
[2020-09-12T21:54:30.324] [DEBUG] cheese - null
[2020-09-12T21:54:35.385] [DEBUG] cheese - login => username:都很谨慎的,password:123456
[2020-09-12T21:54:35.385] [DEBUG] cheese - 都很谨慎的
[2020-09-12T21:54:35.388] [DEBUG] cheese - null
[2020-09-12T21:54:35.388] [DEBUG] cheese - null
[2020-09-12T21:54:40.303] [DEBUG] cheese - login => username:admin,password:123456
[2020-09-12T21:54:40.303] [DEBUG] cheese - admin
[2020-09-12T21:54:40.306] [DEBUG] cheese - null
[2020-09-12T21:54:40.306] [DEBUG] cheese - null
[2020-09-12T21:55:04.140] [DEBUG] cheese - login => username:admin,password:123456
[2020-09-12T21:55:04.140] [DEBUG] cheese - admin
[2020-09-12T21:55:04.142] [DEBUG] cheese - null
[2020-09-12T21:55:04.142] [DEBUG] cheese - null
[2020-09-12T21:55:28.153] [DEBUG] cheese - login => username:admin,password:123456
[2020-09-12T21:55:28.153] [DEBUG] cheese - admin
[2020-09-12T21:55:28.155] [DEBUG] cheese - null
[2020-09-12T21:55:28.155] [DEBUG] cheese - null
[2020-09-12T22:36:42.855] [DEBUG] cheese - login => username:admin,password:123456
[2020-09-12T22:36:42.856] [DEBUG] cheese - admin
[2020-09-12T22:36:42.858] [DEBUG] cheese - null
[2020-09-12T22:36:42.858] [DEBUG] cheese - null
[2020-09-12T22:36:52.507] [DEBUG] cheese - login => username:admin,password:123456
[2020-09-12T22:36:52.508] [DEBUG] cheese - admin
[2020-09-12T22:36:52.511] [DEBUG] cheese - null
[2020-09-12T22:36:52.511] [DEBUG] cheese - null
[2020-09-13T11:03:38.017] [DEBUG] cheese - login => username:admin,password:123456
[2020-09-13T11:03:38.018] [DEBUG] cheese - admin
[2020-09-13T11:03:38.109] [DEBUG] cheese - null
[2020-09-13T11:03:38.109] [DEBUG] cheese - null
[2020-09-13T11:26:18.211] [DEBUG] cheese - login => username:admin,password:123456
[2020-09-13T11:26:18.211] [DEBUG] cheese - admin
[2020-09-13T11:26:18.213] [DEBUG] cheese - null
[2020-09-13T11:26:18.213] [DEBUG] cheese - null
[2020-09-13T11:26:30.132] [DEBUG] cheese - login => username:admin,password:123456
[2020-09-13T11:26:30.133] [DEBUG] cheese - admin
[2020-09-13T11:26:30.135] [DEBUG] cheese - null
[2020-09-13T11:26:30.135] [DEBUG] cheese - null
[2020-09-13T11:26:38.705] [DEBUG] cheese - login => username:admin,password:123456
[2020-09-13T11:26:38.705] [DEBUG] cheese - admin
[2020-09-13T11:26:38.709] [DEBUG] cheese - null
[2020-09-13T11:26:38.709] [DEBUG] cheese - null
[2020-09-13T11:27:02.916] [DEBUG] cheese - login => username:admin,password:123456
[2020-09-13T11:27:02.916] [DEBUG] cheese - admin
[2020-09-13T11:27:02.918] [DEBUG] cheese - null
[2020-09-13T11:27:02.918] [DEBUG] cheese - null
[2020-09-13T11:27:09.843] [DEBUG] cheese - login => username:admin,password:123456
[2020-09-13T11:27:09.843] [DEBUG] cheese - admin
[2020-09-13T11:27:09.845] [DEBUG] cheese - null
[2020-09-13T11:27:09.845] [DEBUG] cheese - null
[2020-09-13T11:27:12.295] [DEBUG] cheese - login => username:admin,password:123456
[2020-09-13T11:27:12.295] [DEBUG] cheese - admin
[2020-09-13T11:27:12.298] [DEBUG] cheese - null
[2020-09-13T11:27:12.298] [DEBUG] cheese - null
[2020-09-13T11:27:40.101] [DEBUG] cheese - login => username:admin,password:123456
[2020-09-13T11:27:40.101] [DEBUG] cheese - admin
[2020-09-13T11:27:40.104] [DEBUG] cheese - null
[2020-09-13T11:27:40.104] [DEBUG] cheese - null
[2020-09-13T11:27:50.466] [DEBUG] cheese - login => username:admin,password:123456
[2020-09-13T11:27:50.466] [DEBUG] cheese - admin
[2020-09-13T11:27:50.468] [DEBUG] cheese - null
[2020-09-13T11:27:50.468] [DEBUG] cheese - null
[2020-09-13T12:33:43.663] [DEBUG] cheese - login => username:admin,password:123456
[2020-09-13T12:33:43.663] [DEBUG] cheese - admin
[2020-09-13T12:33:43.665] [DEBUG] cheese - null
[2020-09-13T12:33:43.666] [DEBUG] cheese - null
[2020-09-13T13:52:24.203] [DEBUG] cheese - login => username:admin,password:123456
[2020-09-13T13:52:24.204] [DEBUG] cheese - admin
[2020-09-13T13:52:24.208] [DEBUG] cheese - null
[2020-09-13T13:52:24.208] [DEBUG] cheese - null
[2020-09-13T13:52:59.302] [DEBUG] cheese - login => username:admin,password:123456
[2020-09-13T13:52:59.303] [DEBUG] cheese - admin
[2020-09-13T13:52:59.307] [DEBUG] cheese - null
[2020-09-13T13:52:59.307] [DEBUG] cheese - null
[2020-09-13T13:53:04.267] [DEBUG] cheese - login => username:admin,password:123456
[2020-09-13T13:53:04.268] [DEBUG] cheese - admin
[2020-09-13T13:53:04.269] [DEBUG] cheese - null
[2020-09-13T13:53:04.270] [DEBUG] cheese - null
[2020-09-13T14:10:03.312] [DEBUG] cheese - login => username:admin,password:123456
[2020-09-13T14:10:03.312] [DEBUG] cheese - admin
[2020-09-13T14:10:03.315] [DEBUG] cheese - null
[2020-09-13T14:10:03.315] [DEBUG] cheese - null
[2020-09-13T14:10:13.294] [DEBUG] cheese - login => username:admin,password:123456
[2020-09-13T14:10:13.294] [DEBUG] cheese - admin
[2020-09-13T14:10:13.296] [DEBUG] cheese - null
[2020-09-13T14:10:13.296] [DEBUG] cheese - null
[2020-09-13T14:14:27.040] [DEBUG] cheese - login => username:admin,password:123456
[2020-09-13T14:14:27.040] [DEBUG] cheese - admin
[2020-09-13T14:14:27.042] [DEBUG] cheese - null
[2020-09-13T14:14:27.042] [DEBUG] cheese - null
[2020-09-13T14:23:24.219] [DEBUG] cheese - login => username:admin,password:123456
[2020-09-13T14:23:24.220] [DEBUG] cheese - admin
[2020-09-13T14:23:24.224] [DEBUG] cheese - null
[2020-09-13T14:23:24.224] [DEBUG] cheese - null
[2020-09-13T14:23:41.040] [DEBUG] cheese - login => username:admin,password:123456
[2020-09-13T14:23:41.040] [DEBUG] cheese - admin
[2020-09-13T14:23:41.042] [DEBUG] cheese - null
[2020-09-13T14:23:41.042] [DEBUG] cheese - null
[2020-09-13T14:23:44.718] [DEBUG] cheese - login => username:admin,password:123456
[2020-09-13T14:23:44.718] [DEBUG] cheese - admin
[2020-09-13T14:23:44.721] [DEBUG] cheese - null
[2020-09-13T14:23:44.721] [DEBUG] cheese - null
[2020-09-13T14:23:50.008] [DEBUG] cheese - login => username:admin,password:123456
[2020-09-13T14:23:50.008] [DEBUG] cheese - admin
[2020-09-13T14:23:50.014] [DEBUG] cheese - null
[2020-09-13T14:23:50.014] [DEBUG] cheese - null
[2020-09-13T14:24:03.592] [DEBUG] cheese - login => username:admin,password:123456
[2020-09-13T14:24:03.593] [DEBUG] cheese - admin
[2020-09-13T14:24:03.594] [DEBUG] cheese - null
[2020-09-13T14:24:03.595] [DEBUG] cheese - null
[2020-09-13T14:24:36.175] [DEBUG] cheese - login => username:admin,password:123456
[2020-09-13T14:24:36.175] [DEBUG] cheese - admin
[2020-09-13T14:24:36.177] [DEBUG] cheese - null
[2020-09-13T14:24:36.177] [DEBUG] cheese - null
[2020-09-13T14:27:37.374] [DEBUG] cheese - login => username:admin,password:123456
[2020-09-13T14:27:37.374] [DEBUG] cheese - admin
[2020-09-13T14:27:37.376] [DEBUG] cheese - null
[2020-09-13T14:27:37.376] [DEBUG] cheese - null
[2020-09-13T14:49:04.539] [DEBUG] cheese - login => username:admin,password:123456
[2020-09-13T14:49:04.539] [DEBUG] cheese - admin
[2020-09-13T14:49:04.542] [DEBUG] cheese - null
[2020-09-13T14:49:04.542] [DEBUG] cheese - null
[2020-09-13T14:49:20.065] [DEBUG] cheese - login => username:admin,password:123456
[2020-09-13T14:49:20.065] [DEBUG] cheese - admin
[2020-09-13T14:49:20.067] [DEBUG] cheese - null
[2020-09-13T14:49:20.067] [DEBUG] cheese - null
[2020-09-13T14:49:22.212] [DEBUG] cheese - login => username:admin,password:123456
[2020-09-13T14:49:22.212] [DEBUG] cheese - admin
[2020-09-13T14:49:22.215] [DEBUG] cheese - null
[2020-09-13T14:49:22.215] [DEBUG] cheese - null
[2020-09-13T14:49:23.998] [DEBUG] cheese - login => username:admin,password:123456
[2020-09-13T14:49:23.999] [DEBUG] cheese - admin
[2020-09-13T14:49:24.001] [DEBUG] cheese - null
[2020-09-13T14:49:24.001] [DEBUG] cheese - null
[2020-09-13T14:49:47.046] [DEBUG] cheese - login => username:admin,password:123456
[2020-09-13T14:49:47.046] [DEBUG] cheese - admin
[2020-09-13T14:49:47.049] [DEBUG] cheese - null
[2020-09-13T14:49:47.049] [DEBUG] cheese - null
[2020-09-13T14:51:38.875] [DEBUG] cheese - login => username:admin,password:123456
[2020-09-13T14:51:38.875] [DEBUG] cheese - admin
[2020-09-13T14:51:38.877] [DEBUG] cheese - null
[2020-09-13T14:51:38.877] [DEBUG] cheese - null
[2020-09-13T14:51:58.495] [DEBUG] cheese - login => username:admin,password:123456
[2020-09-13T14:51:58.495] [DEBUG] cheese - admin
[2020-09-13T14:51:58.498] [DEBUG] cheese - null
[2020-09-13T14:51:58.498] [DEBUG] cheese - null
[2020-09-13T14:52:02.851] [DEBUG] cheese - login => username:admin,password:123456
[2020-09-13T14:52:02.852] [DEBUG] cheese - admin
[2020-09-13T14:52:02.853] [DEBUG] cheese - null
[2020-09-13T14:52:02.853] [DEBUG] cheese - null
[2020-09-13T14:52:14.326] [DEBUG] cheese - login => username:admin,password:123456
[2020-09-13T14:52:14.326] [DEBUG] cheese - admin
[2020-09-13T14:52:14.329] [DEBUG] cheese - null
[2020-09-13T14:52:14.329] [DEBUG] cheese - null
[2020-09-13T14:52:36.657] [DEBUG] cheese - login => username:admin,password:123456
[2020-09-13T14:52:36.657] [DEBUG] cheese - admin
[2020-09-13T14:52:36.659] [DEBUG] cheese - null
[2020-09-13T14:52:36.659] [DEBUG] cheese - null
[2020-09-13T14:53:14.241] [DEBUG] cheese - login => username:admin,password:123456
[2020-09-13T14:53:14.241] [DEBUG] cheese - admin
[2020-09-13T14:53:14.242] [DEBUG] cheese - null
[2020-09-13T14:53:14.242] [DEBUG] cheese - null
[2020-09-13T21:16:06.015] [DEBUG] cheese - login => username:admin,password:123456
[2020-09-13T21:16:06.016] [DEBUG] cheese - admin
[2020-09-13T21:16:06.097] [DEBUG] cheese - null
[2020-09-13T21:16:06.098] [DEBUG] cheese - null
[2020-09-13T21:56:46.054] [DEBUG] cheese - login => username:admin,password:123456
[2020-09-13T21:56:46.054] [DEBUG] cheese - admin
[2020-09-13T21:56:46.056] [DEBUG] cheese - null
[2020-09-13T21:56:46.056] [DEBUG] cheese - null
[2020-09-13T22:11:58.380] [DEBUG] cheese - login => username:admin,password:123456
[2020-09-13T22:11:58.381] [DEBUG] cheese - admin
[2020-09-13T22:11:58.382] [DEBUG] cheese - null
[2020-09-13T22:11:58.382] [DEBUG] cheese - null
[2020-09-13T22:59:15.276] [DEBUG] cheese - login => username:admin,password:123456
[2020-09-13T22:59:15.276] [DEBUG] cheese - admin
[2020-09-13T22:59:15.280] [DEBUG] cheese - null
[2020-09-13T22:59:15.280] [DEBUG] cheese - null
[2020-09-13T23:00:04.324] [DEBUG] cheese - login => username:admin,password:00012
[2020-09-13T23:00:04.324] [DEBUG] cheese - admin
[2020-09-13T23:00:04.326] [DEBUG] cheese - null
[2020-09-13T23:00:04.326] [DEBUG] cheese - null
[2020-09-13T23:00:11.051] [DEBUG] cheese - login => username:admin,password:123456
[2020-09-13T23:00:11.051] [DEBUG] cheese - admin
[2020-09-13T23:00:11.054] [DEBUG] cheese - null
[2020-09-13T23:00:11.054] [DEBUG] cheese - null
[2020-09-13T23:00:17.268] [DEBUG] cheese - login => username:admin,password:00012
[2020-09-13T23:00:17.269] [DEBUG] cheese - admin
[2020-09-13T23:00:17.270] [DEBUG] cheese - null
[2020-09-13T23:00:17.270] [DEBUG] cheese - null
[2020-09-13T23:00:20.873] [DEBUG] cheese - login => username:admin,password:00012
[2020-09-13T23:00:20.873] [DEBUG] cheese - admin
[2020-09-13T23:00:20.874] [DEBUG] cheese - null
[2020-09-13T23:00:20.875] [DEBUG] cheese - null
[2020-09-13T23:00:38.819] [DEBUG] cheese - login => username:admin,password:123456
[2020-09-13T23:00:38.819] [DEBUG] cheese - admin
[2020-09-13T23:00:38.821] [DEBUG] cheese - null
[2020-09-13T23:00:38.822] [DEBUG] cheese - null
[2020-09-13T23:01:01.819] [DEBUG] cheese - login => username:admin,password:123456
[2020-09-13T23:01:01.819] [DEBUG] cheese - admin
[2020-09-13T23:01:01.820] [DEBUG] cheese - null
[2020-09-13T23:01:01.820] [DEBUG] cheese - null
[2020-09-13T23:01:52.388] [DEBUG] cheese - login => username:admin,password:123456
[2020-09-13T23:01:52.388] [DEBUG] cheese - admin
[2020-09-13T23:01:52.389] [DEBUG] cheese - null
[2020-09-13T23:01:52.389] [DEBUG] cheese - null
[2020-09-13T23:02:51.907] [DEBUG] cheese - login => username:admin,password:123456
[2020-09-13T23:02:51.908] [DEBUG] cheese - admin
[2020-09-13T23:02:51.909] [DEBUG] cheese - null
[2020-09-13T23:02:51.909] [DEBUG] cheese - null
[2020-09-13T23:02:57.627] [DEBUG] cheese - login => username:admin,password:123456
[2020-09-13T23:02:57.627] [DEBUG] cheese - admin
[2020-09-13T23:02:57.629] [DEBUG] cheese - null
[2020-09-13T23:02:57.629] [DEBUG] cheese - null
[2020-09-13T23:04:50.119] [DEBUG] cheese - login => username:admin,password:123456
[2020-09-13T23:04:50.119] [DEBUG] cheese - admin
[2020-09-13T23:04:50.121] [DEBUG] cheese - null
[2020-09-13T23:04:50.121] [DEBUG] cheese - null
[2020-09-13T23:06:03.763] [DEBUG] cheese - login => username:admin,password:123456
[2020-09-13T23:06:03.763] [DEBUG] cheese - admin
[2020-09-13T23:06:03.765] [DEBUG] cheese - null
[2020-09-13T23:06:03.765] [DEBUG] cheese - null
[2020-09-13T23:06:11.820] [DEBUG] cheese - login => username:admin,password:123456
[2020-09-13T23:06:11.820] [DEBUG] cheese - admin
[2020-09-13T23:06:11.822] [DEBUG] cheese - null
[2020-09-13T23:06:11.822] [DEBUG] cheese - null
[2020-09-13T23:06:41.116] [DEBUG] cheese - login => username:admin,password:123456
[2020-09-13T23:06:41.117] [DEBUG] cheese - admin
[2020-09-13T23:06:41.119] [DEBUG] cheese - null
[2020-09-13T23:06:41.119] [DEBUG] cheese - null
[2020-09-13T23:10:52.214] [DEBUG] cheese - login => username:admin,password:123456
[2020-09-13T23:10:52.214] [DEBUG] cheese - admin
[2020-09-13T23:10:52.216] [DEBUG] cheese - null
[2020-09-13T23:10:52.216] [DEBUG] cheese - null
[2020-09-14T10:22:01.612] [DEBUG] cheese - login => username:admin,password:123456
[2020-09-14T10:22:01.630] [DEBUG] cheese - admin
[2020-09-14T10:22:01.807] [DEBUG] cheese - null
[2020-09-14T10:22:01.807] [DEBUG] cheese - null
[2020-09-14T12:20:58.642] [DEBUG] cheese - login => username:admin,password:123456
[2020-09-14T12:20:58.660] [DEBUG] cheese - admin
[2020-09-14T12:20:58.827] [DEBUG] cheese - null
[2020-09-14T12:20:58.827] [DEBUG] cheese - null
[2020-09-14T12:22:42.438] [DEBUG] cheese - null
[2020-09-14T12:22:47.364] [DEBUG] cheese - null
[2020-09-14T12:26:17.799] [DEBUG] cheese - null
[2020-09-14T12:26:24.092] [DEBUG] cheese - null
[2020-09-14T12:26:27.568] [DEBUG] cheese - null
[2020-09-14T12:26:34.300] [DEBUG] cheese - null
[2020-09-14T12:29:12.130] [DEBUG] cheese - null
[2020-09-14T12:30:59.741] [DEBUG] cheese - null
[2020-09-14T12:32:22.306] [DEBUG] cheese - null
[2020-09-14T12:33:06.109] [DEBUG] cheese - null
[2020-09-14T12:52:08.825] [DEBUG] cheese - login => username:admin,password:1234556
[2020-09-14T12:52:08.826] [DEBUG] cheese - admin
[2020-09-14T12:52:08.828] [DEBUG] cheese - null
[2020-09-14T12:52:08.828] [DEBUG] cheese - null
[2020-09-14T12:52:16.217] [DEBUG] cheese - login => username:admin,password:1233456
[2020-09-14T12:52:16.217] [DEBUG] cheese - admin
[2020-09-14T12:52:16.218] [DEBUG] cheese - null
[2020-09-14T12:52:16.218] [DEBUG] cheese - null
[2020-09-14T12:52:21.240] [DEBUG] cheese - login => username:admin,password:123456
[2020-09-14T12:52:21.240] [DEBUG] cheese - admin
[2020-09-14T12:52:21.241] [DEBUG] cheese - null
[2020-09-14T12:52:21.241] [DEBUG] cheese - null
[2020-09-14T14:44:58.769] [DEBUG] cheese - login => username:admin,password:123456
[2020-09-14T14:44:58.786] [DEBUG] cheese - admin
[2020-09-14T14:44:58.802] [DEBUG] cheese - null
[2020-09-14T14:44:58.803] [DEBUG] cheese - null
[2020-09-14T15:29:03.505] [DEBUG] cheese - login => username:admin,password:123456
[2020-09-14T15:29:03.507] [DEBUG] cheese - admin
[2020-09-14T15:29:03.530] [DEBUG] cheese - null
[2020-09-14T15:29:03.531] [DEBUG] cheese - null
[2020-09-14T15:29:11.528] [DEBUG] cheese - login => username:admin,password:313556
[2020-09-14T15:29:11.529] [DEBUG] cheese - admin
[2020-09-14T15:29:11.531] [DEBUG] cheese - null
[2020-09-14T15:29:11.531] [DEBUG] cheese - null
[2020-09-14T15:29:21.905] [DEBUG] cheese - login => username:admin,password:123456
[2020-09-14T15:29:21.905] [DEBUG] cheese - admin
[2020-09-14T15:29:21.907] [DEBUG] cheese - null
[2020-09-14T15:29:21.907] [DEBUG] cheese - null
[2020-09-14T15:30:10.774] [DEBUG] cheese - null
[2020-09-14T16:28:37.939] [DEBUG] cheese - login => username:admin,password:123456
[2020-09-14T16:28:37.940] [DEBUG] cheese - admin
[2020-09-14T16:28:38.030] [DEBUG] cheese - null
[2020-09-14T16:28:38.030] [DEBUG] cheese - null
[2020-09-14T16:46:23.897] [DEBUG] cheese - login => username:admin,password:123456
[2020-09-14T16:46:23.897] [DEBUG] cheese - admin
[2020-09-14T16:46:23.899] [DEBUG] cheese - null
[2020-09-14T16:46:23.900] [DEBUG] cheese - null
[2020-09-14T16:46:31.362] [DEBUG] cheese - login => username:admin,password:sdasd
[2020-09-14T16:46:31.363] [DEBUG] cheese - admin
[2020-09-14T16:46:31.365] [DEBUG] cheese - null
[2020-09-14T16:46:31.365] [DEBUG] cheese - null
[2020-09-14T16:46:41.557] [DEBUG] cheese - login => username:admin,password:123456
[2020-09-14T16:46:41.557] [DEBUG] cheese - admin
[2020-09-14T16:46:41.559] [DEBUG] cheese - null
[2020-09-14T16:46:41.559] [DEBUG] cheese - null
[2020-09-14T17:50:17.392] [DEBUG] cheese - login => username:admin,password:123456
[2020-09-14T17:50:17.393] [DEBUG] cheese - admin
[2020-09-14T17:50:17.399] [DEBUG] cheese - null
[2020-09-14T17:50:17.400] [DEBUG] cheese - null
[2020-09-15T10:12:25.159] [DEBUG] cheese - login => username:admin,password:123456
[2020-09-15T10:12:25.175] [DEBUG] cheese - admin
[2020-09-15T10:12:25.313] [DEBUG] cheese - null
[2020-09-15T10:12:25.314] [DEBUG] cheese - null
[2020-09-15T10:13:52.293] [DEBUG] cheese - login => username:admin,password:123456
[2020-09-15T10:13:52.296] [DEBUG] cheese - admin
[2020-09-15T10:13:52.313] [DEBUG] cheese - null
[2020-09-15T10:13:52.314] [DEBUG] cheese - null
[2020-09-15T10:16:14.664] [DEBUG] cheese - login => username:admin,password:123456
[2020-09-15T10:16:14.666] [DEBUG] cheese - admin
[2020-09-15T10:16:14.677] [DEBUG] cheese - null
[2020-09-15T10:16:14.677] [DEBUG] cheese - null
[2020-09-15T10:20:31.545] [DEBUG] cheese - login => username:admin,password:122456
[2020-09-15T10:20:31.546] [DEBUG] cheese - admin
[2020-09-15T10:20:31.557] [DEBUG] cheese - null
[2020-09-15T10:20:31.558] [DEBUG] cheese - null
[2020-09-15T10:20:35.854] [DEBUG] cheese - login => username:admin,password:123456
[2020-09-15T10:20:35.854] [DEBUG] cheese - admin
[2020-09-15T10:20:35.857] [DEBUG] cheese - null
[2020-09-15T10:20:35.857] [DEBUG] cheese - null
[2020-09-15T10:37:06.842] [DEBUG] cheese - login => username:admin,password:123456
[2020-09-15T10:37:06.843] [DEBUG] cheese - admin
[2020-09-15T10:37:06.852] [DEBUG] cheese - null
[2020-09-15T10:37:06.852] [DEBUG] cheese - null
[2020-09-15T15:56:22.670] [DEBUG] cheese - login => username:admin,password:123456
[2020-09-15T15:56:22.686] [DEBUG] cheese - admin
[2020-09-15T15:56:22.781] [DEBUG] cheese - null
[2020-09-15T15:56:22.781] [DEBUG] cheese - null
[2020-09-15T16:13:02.389] [DEBUG] cheese - login => username:admin,password:123456
[2020-09-15T16:13:02.389] [DEBUG] cheese - admin
[2020-09-15T16:13:02.393] [DEBUG] cheese - null
[2020-09-15T16:13:02.394] [DEBUG] cheese - null
[2020-09-15T16:24:32.989] [DEBUG] cheese - null
[2020-09-15T17:28:04.506] [DEBUG] cheese - login => username:admin,password:123456
[2020-09-15T17:28:04.507] [DEBUG] cheese - admin
[2020-09-15T17:28:04.511] [DEBUG] cheese - null
[2020-09-15T17:28:04.512] [DEBUG] cheese - null
[2020-09-16T21:16:08.509] [DEBUG] cheese - login => username:admin,password:123456
[2020-09-16T21:16:08.510] [DEBUG] cheese - admin
[2020-09-16T21:16:08.618] [DEBUG] cheese - null
[2020-09-16T21:16:08.618] [DEBUG] cheese - null
[2020-09-16T21:36:10.394] [DEBUG] cheese - login => username:admin,password:123456
[2020-09-16T21:36:10.396] [DEBUG] cheese - admin
[2020-09-16T21:36:10.399] [DEBUG] cheese - null
[2020-09-16T21:36:10.399] [DEBUG] cheese - null
[2020-09-16T23:17:12.539] [DEBUG] cheese - login => username:admin,password:123456
[2020-09-16T23:17:12.633] [DEBUG] cheese - admin
[2020-09-16T23:17:12.637] [DEBUG] cheese - null
[2020-09-16T23:17:12.637] [DEBUG] cheese - null
[2020-09-17T02:01:33.298] [DEBUG] cheese - login => username:admin,password:123456
[2020-09-17T02:01:33.312] [DEBUG] cheese - admin
[2020-09-17T02:01:33.355] [DEBUG] cheese - null
[2020-09-17T02:01:33.356] [DEBUG] cheese - null
[2020-09-17T02:01:57.983] [DEBUG] cheese - login => username:admin,password:123456
[2020-09-17T02:01:57.984] [DEBUG] cheese - admin
[2020-09-17T02:01:57.986] [DEBUG] cheese - null
[2020-09-17T02:01:57.986] [DEBUG] cheese - null
[2020-09-17T02:14:04.709] [DEBUG] cheese - login => username:admin,password:123456
[2020-09-17T02:14:04.710] [DEBUG] cheese - admin
[2020-09-17T02:14:04.719] [DEBUG] cheese - null
[2020-09-17T02:14:04.719] [DEBUG] cheese - null
[2020-09-17T02:16:17.604] [DEBUG] cheese - login => username:admin,password:123456
[2020-09-17T02:16:17.604] [DEBUG] cheese - admin
[2020-09-17T02:16:17.607] [DEBUG] cheese - null
[2020-09-17T02:16:17.607] [DEBUG] cheese - null
[2020-09-17T02:17:49.460] [DEBUG] cheese - login => username:admin,password:123456
[2020-09-17T02:17:49.461] [DEBUG] cheese - admin
[2020-09-17T02:17:49.464] [DEBUG] cheese - null
[2020-09-17T02:17:49.465] [DEBUG] cheese - null
[2020-09-17T02:28:21.770] [DEBUG] cheese - login => username:admin,password:123456
[2020-09-17T02:28:21.771] [DEBUG] cheese - admin
[2020-09-17T02:28:21.847] [DEBUG] cheese - null
[2020-09-17T02:28:21.847] [DEBUG] cheese - null
[2020-09-17T02:28:39.954] [DEBUG] cheese - login => username:admin,password:123456
[2020-09-17T02:28:39.954] [DEBUG] cheese - admin
[2020-09-17T02:28:39.956] [DEBUG] cheese - null
[2020-09-17T02:28:39.956] [DEBUG] cheese - null
[2020-09-17T02:34:07.101] [DEBUG] cheese - login => username:admin,password:123456
[2020-09-17T02:34:07.103] [DEBUG] cheese - admin
[2020-09-17T02:34:07.104] [DEBUG] cheese - null
[2020-09-17T02:34:07.105] [DEBUG] cheese - null
[2020-09-17T02:36:43.883] [DEBUG] cheese - login => username:admin,password:123456
[2020-09-17T02:36:43.883] [DEBUG] cheese - admin
[2020-09-17T02:36:43.981] [DEBUG] cheese - null
[2020-09-17T02:36:43.981] [DEBUG] cheese - null
[2020-09-17T02:52:35.028] [DEBUG] cheese - login => username:admin,password:123456
[2020-09-17T02:52:35.029] [DEBUG] cheese - admin
[2020-09-17T02:52:35.032] [DEBUG] cheese - null
[2020-09-17T02:52:35.032] [DEBUG] cheese - null
[2020-09-17T02:56:33.926] [DEBUG] cheese - login => username:admin,password:123456
[2020-09-17T02:56:33.926] [DEBUG] cheese - admin
[2020-09-17T02:56:33.930] [DEBUG] cheese - null
[2020-09-17T02:56:33.930] [DEBUG] cheese - null
